c:\users\ushiostarfish\documents\unityprojects\parameterwindow\_plugin\pmwindow\pmwindow\x64\release\pmwindow.pch
c:\users\ushiostarfish\documents\unityprojects\parameterwindow\_plugin\pmwindow\pmwindow\x64\release\vc140.pdb
c:\users\ushiostarfish\documents\unityprojects\parameterwindow\_plugin\pmwindow\pmwindow\x64\release\stdafx.obj
c:\users\ushiostarfish\documents\unityprojects\parameterwindow\_plugin\pmwindow\pmwindow\x64\release\pmwindow.obj
c:\users\ushiostarfish\documents\unityprojects\parameterwindow\_plugin\pmwindow\pmwindow\x64\release\imgui_impl_glfw_gl2.obj
c:\users\ushiostarfish\documents\unityprojects\parameterwindow\_plugin\pmwindow\pmwindow\x64\release\imgui_draw.obj
c:\users\ushiostarfish\documents\unityprojects\parameterwindow\_plugin\pmwindow\pmwindow\x64\release\imgui_demo.obj
c:\users\ushiostarfish\documents\unityprojects\parameterwindow\_plugin\pmwindow\pmwindow\x64\release\imgui.obj
c:\users\ushiostarfish\documents\unityprojects\parameterwindow\_plugin\pmwindow\x64\release\pmwindow.dll
c:\users\ushiostarfish\documents\unityprojects\parameterwindow\_plugin\pmwindow\x64\release\pmwindow.pdb
c:\users\ushiostarfish\documents\unityprojects\parameterwindow\_plugin\pmwindow\x64\release\pmwindow.lib
c:\users\ushiostarfish\documents\unityprojects\parameterwindow\_plugin\pmwindow\x64\release\pmwindow.exp
c:\users\ushiostarfish\documents\unityprojects\parameterwindow\_plugin\pmwindow\pmwindow\x64\release\vcpkg.applocal.log
c:\users\ushiostarfish\documents\unityprojects\parameterwindow\_plugin\pmwindow\pmwindow\x64\release\pmwindow.tlog\cl.command.1.tlog
c:\users\ushiostarfish\documents\unityprojects\parameterwindow\_plugin\pmwindow\pmwindow\x64\release\pmwindow.tlog\cl.read.1.tlog
c:\users\ushiostarfish\documents\unityprojects\parameterwindow\_plugin\pmwindow\pmwindow\x64\release\pmwindow.tlog\cl.write.1.tlog
c:\users\ushiostarfish\documents\unityprojects\parameterwindow\_plugin\pmwindow\pmwindow\x64\release\pmwindow.tlog\link.command.1.tlog
c:\users\ushiostarfish\documents\unityprojects\parameterwindow\_plugin\pmwindow\pmwindow\x64\release\pmwindow.tlog\link.read.1.tlog
c:\users\ushiostarfish\documents\unityprojects\parameterwindow\_plugin\pmwindow\pmwindow\x64\release\pmwindow.tlog\link.write.1.tlog
c:\users\ushiostarfish\documents\unityprojects\parameterwindow\_plugin\pmwindow\pmwindow\x64\release\pmwindow.tlog\pmwindow.write.1u.tlog
